This is e-pTeX, Version 3.14159265-p3.7-160201-2.6 (utf8.sjis) (TeX Live 2016/W32TeX) (preloaded format=platex 2016.4.24)  7 FEB 2018 18:04
entering extended mode
 restricted \write18 enabled.
 %&-line parsing enabled.
**./draft2.2.tex
(./draft2.2.tex
pLaTeX2e <2006/11/10> (based on LaTeX2e <2016/03/31> patch level 0)
Babel <3.9r> and hyphenation patterns for 81 language(s) loaded.
(c:/w32tex/share/texmf-local/tex/latex/revtex/revtex4-1.cls
Document Class: revtex4-1 2010/07/25/20:33:00 4.1r (http://publish.aps.org/revt
ex4/ for documentation)
 Copyright (c) 2009 The American Physical Society.
 mailto:revtex@aps.org
 Licensed under the LPPL:
http://www.ctan.org/tex-archive/macros/latex/base/lppl.txt
 Arthur Ogawa <arthur_ogawa at sbcglobal dot net>
 Based on work by David Carlisle <david at dcarlisle.demon.co.uk>.
ltxutil[2010/07/25/20:33:00 4.1r utilities package (portions licensed from W. E
. Baxter web at superscript.com)]
LaTeX Info: Redefining \@centercr on input line 308.
Class revtex4-1 Info: Repairing broken LaTeX eqnarray on input line 358.
\eqncolsep=\skip41
Class revtex4-1 Info: Repairing hyperref-unfriendly LaTeX definition of \mpfoot
note on input line 433.
Class revtex4-1 Info: Repairing broken LateX \@sect on input line 755.
\intertabularlinepenalty=\count81
\@tbpen=\count82
\@arstrutbox@hline=\box41
Class revtex4-1 Info: Repairing broken LaTeX \@xbitor on input line 1786.
Class revtex4-1 Info: Making \typeout \long on input line 2046.
ltxfront[2010/07/25/20:33:00 4.1r frontmatter package (AO,DPC)]
\c@affil=\count83
\c@collab=\count84
\absbox=\box42
ltxgrid[2010/07/25/20:33:00 4.1r page grid package (portions licensed from W. E
. Baxter web at superscript.com)]
\c@linecount=\count85
\output@latex=\toks15
\box@size@1=\box43
\box@size@2=\box44
\@protection@box=\box45
\@topmark@saved=\toks16
\footins@saved=\box46
\footins@recovered=\box47
\column@recovered=\box48
\pagesofar=\box49
\footsofar=\box50
\pagegrid@col=\count86
Class revtex4-1 Info: Overriding \@vspace, \@vspacer, \@no@pgbk, \@newline, and
 \\  on input line 5578.
\c@part=\count87
\c@section=\count88
\c@subsection=\count89
\c@subsubsection=\count90
\c@paragraph=\count91
\c@subparagraph=\count92
\abovecaptionskip=\skip42
\belowcaptionskip=\skip43
\c@figure=\count93
\fbox@1=\box51
\c@table=\count94
\fbox@2=\box52
\c@video=\count95
\fbox@4=\box53
\@bibdataout=\write3
\widetext@top=\box54
\widetext@bot=\box55
Class revtex4-1 Info: Selecting society aps on input line 7542.
(c:/w32tex/share/texmf-local/tex/latex/revtex/aps4-1.rtx
File: aps4-1 2010/07/25/20:33:00 4.1r (http://publish.aps.org/revtex4/ for docu
mentation)
Class revtex4-1 Info: RevTeX society APS selected on input line 31.
)
Class revtex4-1 Info: Selecting journal prc on input line 7544.
Class revtex4-1 Info: APS journal PRC selected on input line 7545.

(c:/w32tex/share/texmf-local/tex/latex/revtex/aps12pt4-1.rtx
File: aps12pt4-1 2010/07/25/20:33:00 4.1r (http://publish.aps.org/revtex4/ for 
documentation)
Class revtex4-1 Info: RevTeX pointsize 12pt selected on input line 30.
)
(c:/w32tex/share/texmf-dist/tex/latex/textcase/textcase.sty
Package: textcase 2004/10/07 v0.07 Text only upper/lower case changing (DPC)
)
(c:/w32tex/share/texmf-dist/tex/latex/amsfonts/amssymb.sty
Package: amssymb 2013/01/14 v3.01 AMS font symbols

(c:/w32tex/share/texmf-dist/tex/latex/amsfonts/amsfonts.sty
Package: amsfonts 2013/01/14 v3.01 Basic AMSFonts support
\@emptytoks=\toks17
\symAMSa=\mathgroup4
\symAMSb=\mathgroup5
LaTeX Font Info:    Overwriting math alphabet `\mathfrak' in version `bold'
(Font)                  U/euf/m/n --> U/euf/b/n on input line 106.
))
(c:/w32tex/share/texmf-dist/tex/latex/amsmath/amsmath.sty
Package: amsmath 2016/03/10 v2.15b AMS math features
\@mathmargin=\skip44

For additional information on amsmath, use the `?' option.
(c:/w32tex/share/texmf-dist/tex/latex/amsmath/amstext.sty
Package: amstext 2000/06/29 v2.01 AMS text

(c:/w32tex/share/texmf-dist/tex/latex/amsmath/amsgen.sty
File: amsgen.sty 1999/11/30 v2.0 generic functions
\@emptytoks=\toks18
\ex@=\dimen118
)
LaTeX Info: Redefining \text on input line 28.
)
(c:/w32tex/share/texmf-dist/tex/latex/amsmath/amsbsy.sty
Package: amsbsy 1999/11/29 v1.2d Bold Symbols
\pmbraise@=\dimen119
)
(c:/w32tex/share/texmf-dist/tex/latex/amsmath/amsopn.sty
Package: amsopn 2016/03/08 v2.02 operator names
)
\inf@bad=\count96
LaTeX Info: Redefining \frac on input line 199.
\uproot@=\count97
\leftroot@=\count98
LaTeX Info: Redefining \overline on input line 297.
\classnum@=\count99
\DOTSCASE@=\count100
LaTeX Info: Redefining \ldots on input line 394.
LaTeX Info: Redefining \dots on input line 397.
LaTeX Info: Redefining \cdots on input line 518.
\Mathstrutbox@=\box56
\strutbox@=\box57
\big@size=\dimen120
LaTeX Font Info:    Redeclaring font encoding OML on input line 634.
LaTeX Font Info:    Redeclaring font encoding OMS on input line 635.
\macc@depth=\count101
\c@MaxMatrixCols=\count102
\dotsspace@=\muskip10
\c@parentequation=\count103
\dspbrk@lvl=\count104
\tag@help=\toks19
\row@=\count105
\column@=\count106
\maxfields@=\count107
\andhelp@=\toks20
\eqnshift@=\dimen121
\alignsep@=\dimen122
\tagshift@=\dimen123
\tagwidth@=\dimen124
\totwidth@=\dimen125
\lineht@=\dimen126
\@envbody=\toks21
\multlinegap=\skip45
\multlinetaggap=\skip46
\mathdisplay@stack=\toks22
LaTeX Info: Redefining \[ on input line 2739.
LaTeX Info: Redefining \] on input line 2740.
)
(c:/w32tex/share/texmf-dist/tex/latex/url/url.sty
\Urlmuskip=\muskip11
Package: url 2013/09/16  ver 3.4  Verb mode for urls, etc.
)
(c:/w32tex/share/texmf-dist/tex/latex/natbib/natbib.sty
Package: natbib 2010/09/13 8.31b (PWD, AO)
\bibhang=\skip47
\bibsep=\skip48
LaTeX Info: Redefining \cite on input line 694.
\c@NAT@ctr=\count108
)
Class revtex4-1 Info: Repairing natbib's \BibitemShut on input line 7549.

(c:/w32tex/share/texmf-local/tex/latex/revtex/revsymb4-1.sty
Package: revsymb4-1 2010/07/25/20:33:00 4.1r (http://publish.aps.org/revtex4/ f
or documentation)
LaTeX Info: Redefining \frak on input line 95.
LaTeX Info: Redefining \Bbb on input line 111.
LaTeX Info: Redefining \REV@mathfrak on input line 119.
))
(c:/w32tex/share/texmf-dist/tex/latex/comment/comment.sty
\CommentStream=\write4

Excluding comment 'comment')
(c:/w32tex/share/texmf-dist/tex/latex/graphics/graphicx.sty
Package: graphicx 2014/10/28 v1.0g Enhanced LaTeX Graphics (DPC,SPQR)

(c:/w32tex/share/texmf-dist/tex/latex/graphics/keyval.sty
Package: keyval 2014/10/28 v1.15 key=value parser (DPC)
\KV@toks@=\toks23
)
(c:/w32tex/share/texmf-dist/tex/latex/graphics/graphics.sty
Package: graphics 2016/01/03 v1.0q Standard LaTeX Graphics (DPC,SPQR)

(c:/w32tex/share/texmf-dist/tex/latex/graphics/trig.sty
Package: trig 2016/01/03 v1.10 sin cos tan (DPC)
)
(c:/w32tex/share/texmf-dist/tex/latex/graphics-cfg/graphics.cfg
File: graphics.cfg 2016/01/02 v1.10 sample graphics configuration
)
Package graphics Info: Driver file: dvips.def on input line 95.

(c:/w32tex/share/texmf-dist/tex/latex/graphics/dvips.def
File: dvips.def 2015/12/30 v3.0k Driver-dependent file (DPC,SPQR)
))
\Gin@req@height=\dimen127
\Gin@req@width=\dimen128
)
(c:/w32tex/share/texmf-dist/tex/latex/braket/braket.sty)
(c:/w32tex/share/texmf-dist/tex/latex/cases/cases.sty
Package: cases 2002/05/02 ver 2.5 
)
(c:/w32tex/share/texmf-dist/tex/latex/caption/caption.sty
Package: caption 2016/02/21 v3.3-144 Customizing captions (AR)

(c:/w32tex/share/texmf-dist/tex/latex/caption/caption3.sty
Package: caption3 2016/02/04 v1.7-139 caption3 kernel (AR)
Package caption3 Info: TeX engine: e-TeX on input line 67.
\captionmargin=\dimen129
\captionmargin@=\dimen130
\captionwidth=\dimen131
\caption@tempdima=\dimen132
\caption@indent=\dimen133
\caption@parindent=\dimen134
\caption@hangindent=\dimen135
Package caption Info: Unknown document class (or package),
(caption)             standard defaults will be used.
)

Package caption Warning: Unsupported document class (or package) detected,
(caption)                usage of the caption package is not recommended.
See the caption package documentation for explanation.

Package caption Info: \@makecaption = \long macro:#1#2->\par \vskip \abovecapti
onskip \begingroup \small \rmfamily \sbox \@tempboxa {\let \\\heading@cr \@make
@capt@title {#1}{#2}}\@ifdim {\wd \@tempboxa >\hsize }{\begingroup \samepage \f
lushing \let \footnote \@footnotemark@gobble \@make@capt@title {#1}{#2}\par \en
dgroup }{\global \@minipagefalse \hb@xt@ \hsize {\hfil \unhbox \@tempboxa \hfil
 }}\endgroup \vskip \belowcaptionskip .
\c@ContinuedFloat=\count109
) (c:/w32tex/share/texmf-dist/tex/latex/geometry/geometry.sty
Package: geometry 2010/09/12 v5.6 Page Geometry

(c:/w32tex/share/texmf-dist/tex/generic/ifpdf/ifpdf.sty
Package: ifpdf 2016/04/04 v3.0 Provides the ifpdf switch
)
(c:/w32tex/share/texmf-dist/tex/generic/oberdiek/ifvtex.sty
Package: ifvtex 2010/03/01 v1.5 Detect VTeX and its facilities (HO)
Package ifvtex Info: VTeX not detected.
)
(c:/w32tex/share/texmf-dist/tex/generic/ifxetex/ifxetex.sty
Package: ifxetex 2010/09/12 v0.6 Provides ifxetex conditional
)
\Gm@cnth=\count110
\Gm@cntv=\count111
\c@Gm@tempcnt=\count112
\Gm@bindingoffset=\dimen136
\Gm@wd@mp=\dimen137
\Gm@odd@mp=\dimen138
\Gm@even@mp=\dimen139
\Gm@layoutwidth=\dimen140
\Gm@layoutheight=\dimen141
\Gm@layouthoffset=\dimen142
\Gm@layoutvoffset=\dimen143
\Gm@dimlist=\toks24

(c:/w32tex/share/texmf-dist/tex/latex/geometry/geometry.cfg))
Class revtex4-1 Info: Patching LaTeX tabular. on input line 49.
Class revtex4-1 Info: Robustifying \LaTeX's \boldmath command on input line 49.

Class revtex4-1 Info: cite was not loaded (OK!) on input line 49.
Class revtex4-1 Info: mcite was not loaded (OK!) on input line 49.
Class revtex4-1 Info: multicol was not loaded (OK!) on input line 49.
 (./draft2.2.aux)
\openout1 = `draft2.2.aux'.

LaTeX Font Info:    Checking defaults for OML/cmm/m/it on input line 49.
LaTeX Font Info:    ... okay on input line 49.
LaTeX Font Info:    Checking defaults for T1/cmr/m/n on input line 49.
LaTeX Font Info:    ... okay on input line 49.
LaTeX Font Info:    Checking defaults for OT1/cmr/m/n on input line 49.
LaTeX Font Info:    ... okay on input line 49.
LaTeX Font Info:    Checking defaults for OMS/cmsy/m/n on input line 49.
LaTeX Font Info:    ... okay on input line 49.
LaTeX Font Info:    Checking defaults for OMX/cmex/m/n on input line 49.
LaTeX Font Info:    ... okay on input line 49.
LaTeX Font Info:    Checking defaults for U/cmr/m/n on input line 49.
LaTeX Font Info:    ... okay on input line 49.
LaTeX Font Info:    Checking defaults for JY1/mc/m/n on input line 49.
LaTeX Font Info:    ... okay on input line 49.
LaTeX Font Info:    Checking defaults for JT1/mc/m/n on input line 49.
LaTeX Font Info:    ... okay on input line 49.
Package caption Info: Begin \AtBeginDocument code.
Package caption Info: End \AtBeginDocument code.

*geometry* driver: auto-detecting
*geometry* detected driver: dvips
*geometry* verbose mode - [ preamble ] result:
* driver: dvips
* paper: <default>
* layout: <same size as paper>
* layoutoffset:(h,v)=(0.0pt,0.0pt)
* modes: 
* h-part:(L,W,R)=(56.9055pt, 500.484pt, 56.9055pt)
* v-part:(T,H,B)=(71.13188pt, 666.9326pt, 56.9055pt)
* \paperwidth=614.295pt
* \paperheight=794.96999pt
* \textwidth=500.484pt
* \textheight=666.9326pt
* \oddsidemargin=-15.36449pt
* \evensidemargin=-15.36449pt
* \topmargin=-38.1381pt
* \headheight=12.0pt
* \headsep=25.0pt
* \topskip=10.0pt
* \footskip=30.0pt
* \marginparwidth=44.0pt
* \marginparsep=10.0pt
* \columnsep=10.0pt
* \skip\footins=25.25pt plus 4.0pt minus 12.0pt
* \hoffset=0.0pt
* \voffset=0.0pt
* \mag=1000
* \@twocolumnfalse
* \@twosidefalse
* \@mparswitchfalse
* \@reversemarginfalse
* (1in=72.27pt=25.4mm, 1cm=28.453pt)

\openout3 = `draft2.2Notes.bib'.

LaTeX Font Info:    Font shape `JT1/mc/bx/n' in size <14.4> not available
(Font)              Font shape `JT1/gt/m/n' tried instead on input line 93.
LaTeX Font Info:    Font shape `JY1/mc/bx/n' in size <14.4> not available
(Font)              Font shape `JY1/gt/m/n' tried instead on input line 93.
LaTeX Font Info:    Try loading font information for U+msa on input line 93.
(c:/w32tex/share/texmf-dist/tex/latex/amsfonts/umsa.fd
File: umsa.fd 2013/01/14 v3.01 AMS symbols A
)
LaTeX Font Info:    Try loading font information for U+msb on input line 93.

(c:/w32tex/share/texmf-dist/tex/latex/amsfonts/umsb.fd
File: umsb.fd 2013/01/14 v3.01 AMS symbols B
)

LaTeX Font Warning: Font shape `JT1/mc/m/it' undefined
(Font)              using `JT1/mc/m/n' instead on input line 93.


LaTeX Font Warning: Font shape `JY1/mc/m/it' undefined
(Font)              using `JY1/mc/m/n' instead on input line 93.

[1]
LaTeX Font Info:    Font shape `JT1/mc/bx/n' in size <10.95> not available
(Font)              Font shape `JT1/gt/m/n' tried instead on input line 95.
LaTeX Font Info:    Font shape `JY1/mc/bx/n' in size <10.95> not available
(Font)              Font shape `JY1/gt/m/n' tried instead on input line 95.
 [2] [3] [4] [5] [6]
File: phase.eps Graphic file (type eps)
 <phase.eps> [7] [8] [9] [10] [11]
Excluding 'comment' comment. Excluding 'comment' comment. [12] [13]
File: N50ex_energy_wo_adiabatic.eps Graphic file (type eps)

<N50ex_energy_wo_adiabatic.eps>
File: N100ex_energy_wo_adiabatic.eps Graphic file (type eps)
 <N100ex_energy_wo_adiabatic.eps> [14]
File: N50Xeq0p5occ_wo_adiabatic.eps Graphic file (type eps)

<N50Xeq0p5occ_wo_adiabatic.eps>
File: N100Xeq0p5occ_wo_adiabatic.eps Graphic file (type eps)
 <N100Xeq0p5occ_wo_adiabatic.eps>
File: N50Xeq2occ_wo_adiabatic.eps Graphic file (type eps)

<N50Xeq2occ_wo_adiabatic.eps>
File: N100Xeq2occ_wo_adiabatic.eps Graphic file (type eps)
 <N100Xeq2occ_wo_adiabatic.eps> [15]
File: N50Pad_CQ.eps Graphic file (type eps)

<N50Pad_CQ.eps>
Overfull \hbox (13.1613pt too wide) in paragraph at lines 1315--1316
 [] 
 []

File: N50Pad_FD.eps Graphic file (type eps)
<N50Pad_FD.eps>
Overfull \hbox (13.1613pt too wide) in paragraph at lines 1321--1322
 [] 
 []

File: N50Pad_SPA.eps Graphic file (type eps)
<N50Pad_SPA.eps>
Overfull \hbox (13.1613pt too wide) in paragraph at lines 1327--1328
 [] 
 []

File: N100Pad_CQ.eps Graphic file (type eps)
<N100Pad_CQ.eps>
Overfull \hbox (13.1613pt too wide) in paragraph at lines 1370--1371
 [] 
 []

File: N100Pad_FD.eps Graphic file (type eps)
<N100Pad_FD.eps>
Overfull \hbox (13.1613pt too wide) in paragraph at lines 1376--1377
 [] 
 []

File: N100Pad_SPA.eps Graphic file (type eps)
<N100Pad_SPA.eps>
Overfull \hbox (13.1613pt too wide) in paragraph at lines 1382--1383
 [] 
 []

[16] [17]
File: N8ex_energy_wo_adiabatic.eps Graphic file (type eps)
 <N8ex_energy_wo_adiabatic.eps>
File: N8Xeq0p5occ_wo_adiabatic.eps Graphic file (type eps)
 <N8Xeq0p5occ_wo_adiabatic.eps>
File: N8Xeq2occ_wo_adiabatic.eps Graphic file (type eps)

<N8Xeq2occ_wo_adiabatic.eps> [18] [19]
File: N8Pad_CQ.eps Graphic file (type eps)
 <N8Pad_CQ.eps>
Overfull \hbox (13.1613pt too wide) in paragraph at lines 1558--1559
 [] 
 []

File: N8Pad_FD.eps Graphic file (type eps)
<N8Pad_FD.eps>
Overfull \hbox (13.1613pt too wide) in paragraph at lines 1564--1565
 [] 
 []

File: N8Pad_SPA.eps Graphic file (type eps)
<N8Pad_SPA.eps>
Overfull \hbox (13.1613pt too wide) in paragraph at lines 1570--1571
 [] 
 []

File: N16ex_energy_wo_adiabatic.eps Graphic file (type eps)
<N16ex_energy_wo_adiabatic.eps>
File: N16Xeq0p5occ_wo_adiabatic.eps Graphic file (type eps)
 <N16Xeq0p5occ_wo_adiabatic.eps>
File: N16Xeq2occ_wo_adiabatic.eps Graphic file (type eps)

<N16Xeq2occ_wo_adiabatic.eps> [20] [21]
File: N16Pad_CQ.eps Graphic file (type eps)
 <N16Pad_CQ.eps>
Overfull \hbox (13.1613pt too wide) in paragraph at lines 1671--1672
 [] 
 []

File: N16Pad_FD.eps Graphic file (type eps)
<N16Pad_FD.eps>
Overfull \hbox (13.1613pt too wide) in paragraph at lines 1677--1678
 [] 
 []

File: N16Pad_SPA.eps Graphic file (type eps)
<N16Pad_SPA.eps>
Overfull \hbox (13.1613pt too wide) in paragraph at lines 1683--1684
 [] 
 []

[22]
File: N8p_E.eps Graphic file (type eps)
 <N8p_E.eps>
File: N16p_E.eps Graphic file (type eps)
 <N16p_E.eps> [23]
File: N50Xeq2p4gap_E.eps Graphic file (type eps)
 <N50Xeq2p4gap_E.eps>
File: N16Xeq2p4gap_E.eps Graphic file (type eps)
 <N16Xeq2p4gap_E.eps>
[24] [25] [26] (./draft2.2.bbl [27]

LaTeX Font Warning: Font shape `JT1/gt/m/it' undefined
(Font)              using `JT1/gt/m/n' instead on input line 58.


LaTeX Font Warning: Font shape `JY1/gt/m/it' undefined
(Font)              using `JY1/gt/m/n' instead on input line 58.

[28]) [29] (./draft2.2.aux)

LaTeX Font Warning: Some font shapes were not available, defaults substituted.

 ) 
Here is how much of TeX's memory you used:
 5419 strings out of 493709
 75044 string characters out of 6152372
 166844 words of memory out of 5000000
 8884 multiletter control sequences out of 15000+600000
 22093 words of font info for 87 fonts, out of 8000000 for 9000
 929 hyphenation exceptions out of 8191
 36i,11n,39p,1328b,452s stack positions out of 5000i,500n,10000p,500000b,80000s

Output written on draft2.2.dvi (29 pages, 104540 bytes).
